<?xml version="1.0" encoding="utf-8"?><testsuites name="pytest tests"><testsuite name="pytest" errors="0" failures="0" skipped="13" tests="13" time="1.355" timestamp="2026-04-10T02:49:26.545475+00:00" hostname="agent-env-01812d93-ec54-4d7f-9e97-3c967a80fc6e"><testcase classname="backend.tests.test_messaging.TestAdminThread" name="test_create_admin_thread_for_crew" time="0.459"><skipped type="pytest.skip" message="crew login failed">/app/backend/tests/test_messaging.py:48: crew login failed</skipped></testcase><testcase classname="backend.tests.test_messaging.TestAdminThread" name="test_admin_thread_idempotent" time="0.000"><skipped type="pytest.skip" message="crew login failed">/app/backend/tests/test_messaging.py:57: crew login failed</skipped></testcase><testcase classname="backend.tests.test_messaging.TestAdminThread" name="test_admin_cannot_create_admin_thread" time="0.345"><skipped type="pytest.skip" message="admin login failed">/app/backend/tests/test_messaging.py:66: admin login failed</skipped></testcase><testcase classname="backend.tests.test_messaging.TestAdminThread" name="test_contractor_can_create_admin_thread" time="0.386"><skipped type="pytest.skip" message="contractor login failed">/app/backend/tests/test_messaging.py:72: contractor login failed</skipped></testcase><testcase classname="backend.tests.test_messaging.TestListThreads" name="test_crew_list_threads" time="0.000"><skipped type="pytest.skip" message="crew login failed">/app/backend/tests/test_messaging.py:85: crew login failed</skipped></testcase><testcase classname="backend.tests.test_messaging.TestListThreads" name="test_admin_list_threads_includes_admin_chat" time="0.000"><skipped type="pytest.skip" message="admin login failed">/app/backend/tests/test_messaging.py:92: admin login failed</skipped></testcase><testcase classname="backend.tests.test_messaging.TestSendMessage" name="test_admin_can_send_message" time="0.000"><skipped type="pytest.skip" message="admin login failed">/app/backend/tests/test_messaging.py:112: admin login failed</skipped></testcase><testcase classname="backend.tests.test_messaging.TestSendMessage" name="test_free_crew_cannot_send" time="0.000"><skipped type="pytest.skip" message="crew login failed">/app/backend/tests/test_messaging.py:125: crew login failed</skipped></testcase><testcase classname="backend.tests.test_messaging.TestUnreadCount" name="test_unread_count_returns_int" time="0.000"><skipped type="pytest.skip" message="crew login failed">/app/backend/tests/test_messaging.py:145: crew login failed</skipped></testcase><testcase classname="backend.tests.test_messaging.TestUnreadCount" name="test_mark_read_clears_unread" time="0.000"><skipped type="pytest.skip" message="crew login failed">/app/backend/tests/test_messaging.py:153: crew login failed</skipped></testcase><testcase classname="backend.tests.test_messaging.TestUnreadCount" name="test_admin_unread_count" time="0.000"><skipped type="pytest.skip" message="admin login failed">/app/backend/tests/test_messaging.py:165: admin login failed</skipped></testcase><testcase classname="backend.tests.test_messaging.TestThreadMessages" name="test_get_thread_messages" time="0.007"><skipped type="pytest.skip" message="crew login failed">/app/backend/tests/test_messaging.py:177: crew login failed</skipped></testcase><testcase classname="backend.tests.test_messaging.TestThreadMessages" name="test_nonparticipant_cannot_view" time="0.000"><skipped type="pytest.skip" message="contractor login failed">/app/backend/tests/test_messaging.py:190: contractor login failed</skipped></testcase></testsuite></testsuites>