<?xml version="1.0" encoding="utf-8"?><testsuites name="pytest tests"><testsuite name="pytest" errors="0" failures="1" skipped="0" tests="9" time="3.940" timestamp="2026-04-10T01:26:48.285459+00:00" hostname="agent-env-01812d93-ec54-4d7f-9e97-3c967a80fc6e"><testcase classname="backend.tests.test_auth_and_api.TestHealth" name="test_root_returns_operational" time="0.298" /><testcase classname="backend.tests.test_auth_and_api.TestAuth" name="test_admin_login" time="0.427" /><testcase classname="backend.tests.test_auth_and_api.TestAuth" name="test_crew_login" time="0.362" /><testcase classname="backend.tests.test_auth_and_api.TestAuth" name="test_contractor_login" time="0.379" /><testcase classname="backend.tests.test_auth_and_api.TestAuth" name="test_superadmin_login" time="0.342" /><testcase classname="backend.tests.test_auth_and_api.TestAuth" name="test_invalid_login" time="0.112" /><testcase classname="backend.tests.test_auth_and_api.TestAuth" name="test_get_me" time="0.486" /><testcase classname="backend.tests.test_auth_and_api.TestJobs" name="test_list_jobs" time="0.529"><failure message="assert 404 == 200&#10; +  where 404 = &lt;Response [404]&gt;.status_code">backend/tests/test_auth_and_api.py:91: in test_list_jobs
    assert r.status_code == 200
E   assert 404 == 200
E    +  where 404 = &lt;Response [404]&gt;.status_code</failure></testcase><testcase classname="backend.tests.test_auth_and_api.TestJobs" name="test_admin_get_users" time="0.852" /></testsuite></testsuites>